<?xml version="1.0" encoding="utf-8" ?>
<!DOCTYPE html PUBLIC "-//W3C//DTD XHTML 1.0 Strict//EN"
        "http://www.w3.org/TR/xhtml1/DTD/xhtml1-strict.dtd">
<html xmlns="http://www.w3.org/1999/xhtml" xml:lang="" lang="">
<head>
  <title>Test Results Report - Login Test</title>
  <meta http-equiv="Content-Type" content="text/html;charset=utf-8" />
  <meta name="description" content="TestNG unit test results." />
  <link href="reportng.css" rel="stylesheet" type="text/css" />
    <script type="text/javascript" src="reportng.js"></script>
</head>
<body>
<h1>Login Test</h1>
<p>
  Test duration: 60.351s
</p>



  <table class="resultsTable">
    <tr><th colspan="3" class="header failed">Failed Tests</th></tr>
          <tr>
        <td colspan="3" class="group">com.nopcommerce.demo.testsuite.ComputerTest</td>
      </tr>
            
<tr>
  <td class="method">
                  VerifyThatUserShouldBuildYouOwnComputerAndAddThemToCartSuccessfully
      </td>
  <td class="duration">
    0.000s
  </td>
  <td class="result">
        
    
        

        <a href="javascript:toggleElement('exception-0', 'block')" title="Click to expand/collapse"><b>org.testng.TestNGException: <br/>
Method public void com.nopcommerce.demo.testsuite.ComputerTest.VerifyThatUserShouldBuildYouOwnComputerAndAddThemToCartSuccessfully(java.lang.String,java.lang.String,java.lang.String,java.lang.String,java.lang.String) requires a @DataProvider named : Build Your Own computer in class resources.testdata.TestData</b></a><br />
    <div class="stackTrace" id="exception-0">
              org.testng.internal.Parameters.findDataProvider(Parameters.java:516)<br />
              org.testng.internal.Parameters.handleParameters(Parameters.java:739)<br />
              org.testng.internal.Parameters.handleParameters(Parameters.java:704)<br />
              org.testng.internal.invokers.ParameterHandler.handleParameters(ParameterHandler.java:70)<br />
              org.testng.internal.invokers.ParameterHandler.createParameters(ParameterHandler.java:49)<br />
              org.testng.internal.invokers.TestInvoker$MethodInvocationAgent.invoke(TestInvoker.java:904)<br />
              org.testng.internal.invokers.TestInvoker.invokeTestMethods(TestInvoker.java:193)<br />
              org.testng.internal.invokers.TestMethodWorker.invokeTestMethods(TestMethodWorker.java:146)<br />
              org.testng.internal.invokers.TestMethodWorker.run(TestMethodWorker.java:128)<br />
              java.util.ArrayList.forEach(ArrayList.java:1249)<br />
              org.testng.TestRunner.privateRun(TestRunner.java:808)<br />
              org.testng.TestRunner.run(TestRunner.java:603)<br />
              org.testng.SuiteRunner.runTest(SuiteRunner.java:429)<br />
              org.testng.SuiteRunner.runSequentially(SuiteRunner.java:423)<br />
              org.testng.SuiteRunner.privateRun(SuiteRunner.java:383)<br />
              org.testng.SuiteRunner.run(SuiteRunner.java:326)<br />
              org.testng.SuiteRunnerWorker.runSuite(SuiteRunnerWorker.java:52)<br />
              org.testng.SuiteRunnerWorker.run(SuiteRunnerWorker.java:95)<br />
              org.testng.TestNG.runSuitesSequentially(TestNG.java:1249)<br />
              org.testng.TestNG.runSuitesLocally(TestNG.java:1169)<br />
              org.testng.TestNG.runSuites(TestNG.java:1092)<br />
              org.testng.TestNG.run(TestNG.java:1060)<br />
              com.intellij.rt.testng.IDEARemoteTestNG.run(IDEARemoteTestNG.java:66)<br />
              com.intellij.rt.testng.RemoteTestNGStarter.main(RemoteTestNGStarter.java:109)<br />
                </div>
      </td>
</tr>
          <tr>
        <td colspan="3" class="group">com.nopcommerce.demo.testsuite.RegisterPageTest</td>
      </tr>
            
<tr>
  <td class="method">
                  VerifyThatUserShouldCreateAccountSuccessfully
      </td>
  <td class="duration">
    41.358s
  </td>
  <td class="result">
        
    
            <div class="testOutput">
                        Click On RegisterLink [[ChromeDriver: chrome on WINDOWS (cf4d35278b95aa69b3fea982ff7e618b)] -&gt; xpath: //a[text()=&apos;Register&apos;]]&lt;br&gt;<br />
                                Click On Gender: [[ChromeDriver: chrome on WINDOWS (cf4d35278b95aa69b3fea982ff7e618b)] -&gt; id: gender]&lt;br&gt;<br />
                                Input First Name: [[ChromeDriver: chrome on WINDOWS (cf4d35278b95aa69b3fea982ff7e618b)] -&gt; id: FirstName]&lt;br&gt;<br />
                                Input Last Name: [[ChromeDriver: chrome on WINDOWS (cf4d35278b95aa69b3fea982ff7e618b)] -&gt; id: LastName]&lt;br&gt;<br />
                                Input Date Of Birth: [[ChromeDriver: chrome on WINDOWS (cf4d35278b95aa69b3fea982ff7e618b)] -&gt; xpath: //select[@name=&apos;DateOfBirthDay&apos;]]&lt;br&gt;<br />
                                Input Date Of month: [[ChromeDriver: chrome on WINDOWS (cf4d35278b95aa69b3fea982ff7e618b)] -&gt; xpath: //select[@name=&apos;DateOfBirthMonth&apos;]]&lt;br&gt;<br />
                                Input Date Of Year: [[ChromeDriver: chrome on WINDOWS (cf4d35278b95aa69b3fea982ff7e618b)] -&gt; xpath: //select[@name=&apos;DateOfBirthYear&apos;]]&lt;br&gt;<br />
                                Input Email Field: [[ChromeDriver: chrome on WINDOWS (cf4d35278b95aa69b3fea982ff7e618b)] -&gt; id: Email]&lt;br&gt;<br />
                                Input Password: [[ChromeDriver: chrome on WINDOWS (cf4d35278b95aa69b3fea982ff7e618b)] -&gt; id: Password]&lt;br&gt;<br />
                                Input Confirm Password: [[ChromeDriver: chrome on WINDOWS (cf4d35278b95aa69b3fea982ff7e618b)] -&gt; id: ConfirmPassword]&lt;br&gt;<br />
                                Click On Register: [[ChromeDriver: chrome on WINDOWS (cf4d35278b95aa69b3fea982ff7e618b)] -&gt; id: register-button]&lt;br&gt;<br />
                                Verify RegistrationComplete: Proxy element for: DefaultElementLocator &apos;By.xpath: //span[text()=&apos;Your registration completed&apos;]&apos;&lt;br&gt;<br />
                  </div>
    

        <a href="javascript:toggleElement('exception-1', 'block')" title="Click to expand/collapse"><b>org.openqa.selenium.NoSuchElementException: no such element: Unable to locate element: {&quot;method&quot;:&quot;xpath&quot;,&quot;selector&quot;:&quot;//span[text()=&apos;Your registration completed&apos;]&quot;}<br/>
&nbsp; (Session info: chrome=113.0.5672.93)<br/>
For documentation on this error, please visit: https://selenium.dev/exceptions/#no_such_element<br/>
Build info: version: &apos;4.9.0&apos;, revision: &apos;d7057100a6&apos;<br/>
System info: os.name: &apos;Windows 10&apos;, os.arch: &apos;amd64&apos;, os.version: &apos;10.0&apos;, java.version: &apos;1.8.0_121&apos;<br/>
Driver info: org.openqa.selenium.chrome.ChromeDriver<br/>
Command: [cf4d35278b95aa69b3fea982ff7e618b, findElement {using=xpath, value=//span[text()=&apos;Your registration completed&apos;]}]<br/>
Capabilities {acceptInsecureCerts: false, browserName: chrome, browserVersion: 113.0.5672.93, chrome: {chromedriverVersion: 113.0.5672.63 (0e1a4471d5ae..., userDataDir: C:\Users\Vimal\AppData\Loca...}, goog:chromeOptions: {debuggerAddress: localhost:50159}, networkConnectionEnabled: false, pageLoadStrategy: normal, platformName: WINDOWS, proxy: Proxy(), se:cdp: ws://localhost:50159/devtoo..., se:cdpVersion: 113.0.5672.93, setWindowRect: true, strictFileInteractability: false, timeouts: {implicit: 0, pageLoad: 300000, script: 30000}, unhandledPromptBehavior: dismiss and notify, webauthn:extension:credBlob: true, webauthn:extension:largeBlob: true, webauthn:extension:minPinLength: true, webauthn:extension:prf: true, webauthn:virtualAuthenticators: true}<br/>
Session ID: cf4d35278b95aa69b3fea982ff7e618b</b></a><br />
    <div class="stackTrace" id="exception-1">
              sun.reflect.NativeConstructorAccessorImpl.newInstance0(Native Method)<br />
              sun.reflect.NativeConstructorAccessorImpl.newInstance(NativeConstructorAccessorImpl.java:62)<br />
              sun.reflect.DelegatingConstructorAccessorImpl.newInstance(DelegatingConstructorAccessorImpl.java:45)<br />
              java.lang.reflect.Constructor.newInstance(Constructor.java:423)<br />
              org.openqa.selenium.remote.codec.w3c.W3CHttpResponseCodec.createException(W3CHttpResponseCodec.java:200)<br />
              org.openqa.selenium.remote.codec.w3c.W3CHttpResponseCodec.decode(W3CHttpResponseCodec.java:133)<br />
              org.openqa.selenium.remote.codec.w3c.W3CHttpResponseCodec.decode(W3CHttpResponseCodec.java:53)<br />
              org.openqa.selenium.remote.HttpCommandExecutor.execute(HttpCommandExecutor.java:193)<br />
              org.openqa.selenium.remote.service.DriverCommandExecutor.invokeExecute(DriverCommandExecutor.java:183)<br />
              org.openqa.selenium.remote.service.DriverCommandExecutor.execute(DriverCommandExecutor.java:158)<br />
              org.openqa.selenium.remote.RemoteWebDriver.execute(RemoteWebDriver.java:543)<br />
              org.openqa.selenium.remote.ElementLocation$ElementFinder$2.findElement(ElementLocation.java:162)<br />
              org.openqa.selenium.remote.ElementLocation.findElement(ElementLocation.java:60)<br />
              org.openqa.selenium.remote.RemoteWebDriver.findElement(RemoteWebDriver.java:352)<br />
              org.openqa.selenium.remote.RemoteWebDriver.findElement(RemoteWebDriver.java:344)<br />
              org.openqa.selenium.support.pagefactory.DefaultElementLocator.findElement(DefaultElementLocator.java:70)<br />
              org.openqa.selenium.support.pagefactory.internal.LocatingElementHandler.invoke(LocatingElementHandler.java:39)<br />
              com.sun.proxy.$Proxy15.getText(Unknown Source)<br />
              com.nopcommerce.demo.utility.Utility.getTextFromElement(Utility.java:35)<br />
              com.nopcommerce.demo.utility.Utility.verifyElements(Utility.java:325)<br />
              com.nopcommerce.demo.pages.RegisterPage.verifyRegisterationComlete(RegisterPage.java:177)<br />
              com.nopcommerce.demo.testsuite.RegisterPageTest.VerifyThatUserShouldCreateAccountSuccessfully(RegisterPageTest.java:73)<br />
              sun.reflect.NativeMethodAccessorImpl.invoke0(Native Method)<br />
              sun.reflect.NativeMethodAccessorImpl.invoke(NativeMethodAccessorImpl.java:62)<br />
              sun.reflect.DelegatingMethodAccessorImpl.invoke(DelegatingMethodAccessorImpl.java:43)<br />
              java.lang.reflect.Method.invoke(Method.java:498)<br />
              org.testng.internal.invokers.MethodInvocationHelper.invokeMethod(MethodInvocationHelper.java:135)<br />
              org.testng.internal.invokers.TestInvoker.invokeMethod(TestInvoker.java:673)<br />
              org.testng.internal.invokers.TestInvoker.invokeTestMethod(TestInvoker.java:220)<br />
              org.testng.internal.invokers.MethodRunner.runInSequence(MethodRunner.java:50)<br />
              org.testng.internal.invokers.TestInvoker$MethodInvocationAgent.invoke(TestInvoker.java:945)<br />
              org.testng.internal.invokers.TestInvoker.invokeTestMethods(TestInvoker.java:193)<br />
              org.testng.internal.invokers.TestMethodWorker.invokeTestMethods(TestMethodWorker.java:146)<br />
              org.testng.internal.invokers.TestMethodWorker.run(TestMethodWorker.java:128)<br />
              java.util.ArrayList.forEach(ArrayList.java:1249)<br />
              org.testng.TestRunner.privateRun(TestRunner.java:808)<br />
              org.testng.TestRunner.run(TestRunner.java:603)<br />
              org.testng.SuiteRunner.runTest(SuiteRunner.java:429)<br />
              org.testng.SuiteRunner.runSequentially(SuiteRunner.java:423)<br />
              org.testng.SuiteRunner.privateRun(SuiteRunner.java:383)<br />
              org.testng.SuiteRunner.run(SuiteRunner.java:326)<br />
              org.testng.SuiteRunnerWorker.runSuite(SuiteRunnerWorker.java:52)<br />
              org.testng.SuiteRunnerWorker.run(SuiteRunnerWorker.java:95)<br />
              org.testng.TestNG.runSuitesSequentially(TestNG.java:1249)<br />
              org.testng.TestNG.runSuitesLocally(TestNG.java:1169)<br />
              org.testng.TestNG.runSuites(TestNG.java:1092)<br />
              org.testng.TestNG.run(TestNG.java:1060)<br />
              com.intellij.rt.testng.IDEARemoteTestNG.run(IDEARemoteTestNG.java:66)<br />
              com.intellij.rt.testng.RemoteTestNGStarter.main(RemoteTestNGStarter.java:109)<br />
                </div>
      </td>
</tr>
      </table>


  <table class="resultsTable">
    <tr><th colspan="3" class="header passed">Passed Tests</th></tr>
          <tr>
        <td colspan="3" class="group">com.nopcommerce.demo.testsuite.ComputerTest</td>
      </tr>
            
<tr>
  <td class="method">
                  verifyUserShouldNavigateToComputerPageSuccessfully
      </td>
  <td class="duration">
    0.418s
  </td>
  <td class="result">
        
    
            <div class="testOutput">
                        Click On Computer Tab [[ChromeDriver: chrome on WINDOWS (8e3a979c6e388a42c553ad914706fc9b)] -&gt; xpath: //ul[@class=&apos;top-menu notmobile&apos;]//a[normalize-space()=&apos;Computers&apos;]]&lt;br&gt;<br />
                  </div>
    

      </td>
</tr>
<tr>
  <td class="method">
                  verifyUserShouldNavigateToDesktopsPageSuccessfully
      </td>
  <td class="duration">
    0.789s
  </td>
  <td class="result">
        
    
            <div class="testOutput">
                        Click On Computer Tab [[ChromeDriver: chrome on WINDOWS (91ab1023a1354f2e0598762fc66f30f1)] -&gt; xpath: //ul[@class=&apos;top-menu notmobile&apos;]//a[normalize-space()=&apos;Computers&apos;]]&lt;br&gt;<br />
                                Click On Desktop: [[ChromeDriver: chrome on WINDOWS (91ab1023a1354f2e0598762fc66f30f1)] -&gt; xpath: //div[@class=&apos;block block-category-navigation&apos;]/descendant::a[2]]&lt;br&gt;<br />
                                Verify Text Desktops : [[ChromeDriver: chrome on WINDOWS (91ab1023a1354f2e0598762fc66f30f1)] -&gt; xpath: //h1[text()=&apos;Desktops&apos;]]&lt;br&gt;<br />
                  </div>
    

      </td>
</tr>
          <tr>
        <td colspan="3" class="group">com.nopcommerce.demo.testsuite.LoginPageTest</td>
      </tr>
            
<tr>
  <td class="method">
                  VerifyThatUserShouldLogOutSuccessFully
      </td>
  <td class="duration">
    1.169s
  </td>
  <td class="result">
        
    
            <div class="testOutput">
                        Click On LoginLink: [[ChromeDriver: chrome on WINDOWS (87ea48ff09203ecd529cc8065a4c2503)] -&gt; xpath: //a[text()=&apos;Log in&apos;]]&lt;br&gt;<br />
                                Input Password: [[ChromeDriver: chrome on WINDOWS (87ea48ff09203ecd529cc8065a4c2503)] -&gt; id: Password]&lt;br&gt;<br />
                                Click On LoginBtn: [[ChromeDriver: chrome on WINDOWS (87ea48ff09203ecd529cc8065a4c2503)] -&gt; xpath: //button[text()=&apos;Log in&apos;]]&lt;br&gt;<br />
                  </div>
    

      </td>
</tr>
<tr>
  <td class="method">
                  userShouldNavigateToLoginPageSuccessFully
      </td>
  <td class="duration">
    0.835s
  </td>
  <td class="result">
        
    
            <div class="testOutput">
                        Click On LoginLink: [[ChromeDriver: chrome on WINDOWS (981f67d544bb4f9db048f573f8a03db4)] -&gt; xpath: //a[text()=&apos;Log in&apos;]]&lt;br&gt;<br />
                                Verify Welcome Text: [[ChromeDriver: chrome on WINDOWS (981f67d544bb4f9db048f573f8a03db4)] -&gt; xpath: //div[@class=&apos;page-title&apos;]//h1]&lt;br&gt;<br />
                  </div>
    

      </td>
</tr>
<tr>
  <td class="method">
                  verifyThatUserShouldLogInSuccessFullyWithValidCredentials
      </td>
  <td class="duration">
    0.699s
  </td>
  <td class="result">
        
    
            <div class="testOutput">
                        Click On LoginLink: [[ChromeDriver: chrome on WINDOWS (1cd3e189e75cbbe6841fdec19d0a5c53)] -&gt; xpath: //a[text()=&apos;Log in&apos;]]&lt;br&gt;<br />
                                Input Password: [[ChromeDriver: chrome on WINDOWS (1cd3e189e75cbbe6841fdec19d0a5c53)] -&gt; id: Password]&lt;br&gt;<br />
                                Click On LoginBtn: [[ChromeDriver: chrome on WINDOWS (1cd3e189e75cbbe6841fdec19d0a5c53)] -&gt; xpath: //button[text()=&apos;Log in&apos;]]&lt;br&gt;<br />
                  </div>
    

      </td>
</tr>
<tr>
  <td class="method">
                  verifyTheErrorMessageWithInValidCredentials
      </td>
  <td class="duration">
    0.726s
  </td>
  <td class="result">
        
    
            <div class="testOutput">
                        Click On LoginLink: [[ChromeDriver: chrome on WINDOWS (4119dbb9d9ce60d06231d625c5806a96)] -&gt; xpath: //a[text()=&apos;Log in&apos;]]&lt;br&gt;<br />
                                Input Password: [[ChromeDriver: chrome on WINDOWS (4119dbb9d9ce60d06231d625c5806a96)] -&gt; id: Password]&lt;br&gt;<br />
                                Click On LoginBtn: [[ChromeDriver: chrome on WINDOWS (4119dbb9d9ce60d06231d625c5806a96)] -&gt; xpath: //button[text()=&apos;Log in&apos;]]&lt;br&gt;<br />
                                Verify Error Message: [[ChromeDriver: chrome on WINDOWS (4119dbb9d9ce60d06231d625c5806a96)] -&gt; xpath: //div[text()=&apos;Login was unsuccessful. Please correct the errors and try again.&apos;]]&lt;br&gt;<br />
                  </div>
    

      </td>
</tr>
          <tr>
        <td colspan="3" class="group">com.nopcommerce.demo.testsuite.RegisterPageTest</td>
      </tr>
            
<tr>
  <td class="method">
                  verifyThatFirstNameLastNameEmailOasswordAndConfirmPasswordFieldsAreMandetory
      </td>
  <td class="duration">
    0.489s
  </td>
  <td class="result">
        
    
            <div class="testOutput">
                        Click On RegisterLink [[ChromeDriver: chrome on WINDOWS (c0acfc024cf3738c05c19eda77a37097)] -&gt; xpath: //a[text()=&apos;Register&apos;]]&lt;br&gt;<br />
                                Click On Register: [[ChromeDriver: chrome on WINDOWS (c0acfc024cf3738c05c19eda77a37097)] -&gt; id: register-button]&lt;br&gt;<br />
                                Verify Error Message First: [[ChromeDriver: chrome on WINDOWS (c0acfc024cf3738c05c19eda77a37097)] -&gt; xpath: //span[text()=&apos;First name is required.&apos;]]&lt;br&gt;<br />
                                Verify Error Message Last: [[ChromeDriver: chrome on WINDOWS (c0acfc024cf3738c05c19eda77a37097)] -&gt; xpath: //span[text()=&apos;Last name is required.&apos;]]&lt;br&gt;<br />
                                Verify Error Message Email: [[ChromeDriver: chrome on WINDOWS (c0acfc024cf3738c05c19eda77a37097)] -&gt; xpath: //span[text()=&apos;Email is required.&apos;]]&lt;br&gt;<br />
                                Verify Error Message password: [[ChromeDriver: chrome on WINDOWS (c0acfc024cf3738c05c19eda77a37097)] -&gt; id: Password-error]&lt;br&gt;<br />
                                Verify Error Message Confirm Password: [[ChromeDriver: chrome on WINDOWS (c0acfc024cf3738c05c19eda77a37097)] -&gt; id: ConfirmPassword-error]&lt;br&gt;<br />
                  </div>
    

      </td>
</tr>
<tr>
  <td class="method">
                  verifyUserShouldNavigateToRegisterPageSuccessfully
      </td>
  <td class="duration">
    0.416s
  </td>
  <td class="result">
        
    
            <div class="testOutput">
                        Click On RegisterLink [[ChromeDriver: chrome on WINDOWS (72e307ef569ac2a3b8684c19635a6a0e)] -&gt; xpath: //a[text()=&apos;Register&apos;]]&lt;br&gt;<br />
                                Verify Register text [[ChromeDriver: chrome on WINDOWS (72e307ef569ac2a3b8684c19635a6a0e)] -&gt; xpath: //h1[text()=&apos;Register&apos;]]&lt;br&gt;<br />
                  </div>
    

      </td>
</tr>
      </table>
  
</body>
</html>
